<?xml version="1.0" encoding="UTF-8"?>
<testsuite name="com.demowebshop.tests.AddItemToCartTests" tests="1" skipped="0" failures="0" errors="0" timestamp="2025-09-24T14:44:35.944Z" hostname="MacBookAir.local" time="0.777">
  <properties/>
  <testcase name="addItemPositiveTest" classname="com.demowebshop.tests.AddItemToCartTests" time="0.777"/>
  <system-out><![CDATA[16:44:34.756 [Test worker] INFO  com.demowebshop.tests.TestBase -- Start test addItemPositiveTest
16:44:36.796 [Test worker] INFO  com.demowebshop.tests.TestBase -- PASSED: addItemPositiveTest
16:44:36.796 [Test worker] INFO  com.demowebshop.tests.TestBase -- Stop test
16:44:36.796 [Test worker] INFO  com.demowebshop.tests.TestBase -- *********************************************************
]]></system-out>
  <system-err><![CDATA[сент. 24, 2025 4:44:30 PM org.openqa.selenium.devtools.CdpVersionFinder findNearestMatch
WARNING: Unable to find CDP implementation matching 140
сент. 24, 2025 4:44:30 PM org.openqa.selenium.chromium.ChromiumDriver lambda$new$4
WARNING: Unable to find version of CDP to use for 140.0.7339.185. You may need to include a dependency on a specific version of the CDP using something similar to `org.seleniumhq.selenium:selenium-devtools-v86:4.30.0` where the version ("v86") matches the version of the chromium-based browser you're using and the version number of the artifact is the same as Selenium's.
]]></system-err>
</testsuite>
